  Good_prog_Var20.cpp
C:\Users\dvromantsev\source\repos\Good_prog_Var20\Good_prog_Var20\ORDER.h(16,16): error C2143: синтаксическая ошибка: отсутствие ";" перед "&"
  (компиляция исходного файла "Good_prog_Var20.cpp")
  
C:\Users\dvromantsev\source\repos\Good_prog_Var20\Good_prog_Var20\ORDER.h(16,9): error C2433: ostream: "friend" не разрешается для объявлений данных
  (компиляция исходного файла "Good_prog_Var20.cpp")
  
C:\Users\dvromantsev\source\repos\Good_prog_Var20\Good_prog_Var20\ORDER.h(16,9): error C4430: отсутствует спецификатор типа - предполагается int. Примечание. C++ не поддерживает int по умолчанию
  (компиляция исходного файла "Good_prog_Var20.cpp")
  
C:\Users\dvromantsev\source\repos\Good_prog_Var20\Good_prog_Var20\ORDER.h(16,50): error C2238: непредвиденные лексемы перед ";"
  (компиляция исходного файла "Good_prog_Var20.cpp")
  
C:\Users\dvromantsev\source\repos\Good_prog_Var20\Good_prog_Var20\ORDER.h(17,16): error C2143: синтаксическая ошибка: отсутствие ";" перед "&"
  (компиляция исходного файла "Good_prog_Var20.cpp")
  
C:\Users\dvromantsev\source\repos\Good_prog_Var20\Good_prog_Var20\ORDER.h(17,9): error C2433: istream: "friend" не разрешается для объявлений данных
  (компиляция исходного файла "Good_prog_Var20.cpp")
  
C:\Users\dvromantsev\source\repos\Good_prog_Var20\Good_prog_Var20\ORDER.h(17,9): error C4430: отсутствует спецификатор типа - предполагается int. Примечание. C++ не поддерживает int по умолчанию
  (компиляция исходного файла "Good_prog_Var20.cpp")
  
C:\Users\dvromantsev\source\repos\Good_prog_Var20\Good_prog_Var20\ORDER.h(17,51): error C2238: непредвиденные лексемы перед ";"
  (компиляция исходного файла "Good_prog_Var20.cpp")
  
C:\Users\dvromantsev\source\repos\Good_prog_Var20\Good_prog_Var20\Good_prog_Var20.cpp(16,19): error C2679: бинарный ">>": не найден оператор, принимающий правый операнд типа "ORDER" (или приемлемое преобразование отсутствует)
      C:\Program Files\Microsoft Visual Studio\2022\Community\VC\Tools\MSVC\14.44.35207\include\istream(313,39):
      может быть "std::basic_istream<char,std::char_traits<char>> &std::basic_istream<char,std::char_traits<char>>::operator >>(std::basic_streambuf<char,std::char_traits<char>> *)"
          C:\Users\dvromantsev\source\repos\Good_prog_Var20\Good_prog_Var20\Good_prog_Var20.cpp(16,19):
          "std::basic_istream<char,std::char_traits<char>> &std::basic_istream<char,std::char_traits<char>>::operator >>(std::basic_streambuf<char,std::char_traits<char>> *)": невозможно преобразовать аргумент 2 из "ORDER" в "std::basic_streambuf<char,std::char_traits<char>> *"
              C:\Users\dvromantsev\source\repos\Good_prog_Var20\Good_prog_Var20\Good_prog_Var20.cpp(16,29):
              Для выполнения данного преобразования нет доступного оператора преобразования, определенного пользователем, или вызов оператора невозможен
      C:\Program Files\Microsoft Visual Studio\2022\Community\VC\Tools\MSVC\14.44.35207\include\istream(309,39):
      или       "std::basic_istream<char,std::char_traits<char>> &std::basic_istream<char,std::char_traits<char>>::operator >>(void *&)"
          C:\Users\dvromantsev\source\repos\Good_prog_Var20\Good_prog_Var20\Good_prog_Var20.cpp(16,19):
          "std::basic_istream<char,std::char_traits<char>> &std::basic_istream<char,std::char_traits<char>>::operator >>(void *&)": невозможно преобразовать аргумент 2 из "ORDER" в "void *&"
      C:\Program Files\Microsoft Visual Studio\2022\Community\VC\Tools\MSVC\14.44.35207\include\istream(305,39):
      или       "std::basic_istream<char,std::char_traits<char>> &std::basic_istream<char,std::char_traits<char>>::operator >>(long double &)"
          C:\Users\dvromantsev\source\repos\Good_prog_Var20\Good_prog_Var20\Good_prog_Var20.cpp(16,19):
          "std::basic_istream<char,std::char_traits<char>> &std::basic_istream<char,std::char_traits<char>>::operator >>(long double &)": невозможно преобразовать аргумент 2 из "ORDER" в "long double &"
      C:\Program Files\Microsoft Visual Studio\2022\Community\VC\Tools\MSVC\14.44.35207\include\istream(301,39):
      или       "std::basic_istream<char,std::char_traits<char>> &std::basic_istream<char,std::char_traits<char>>::operator >>(double &)"
          C:\Users\dvromantsev\source\repos\Good_prog_Var20\Good_prog_Var20\Good_prog_Var20.cpp(16,19):
          "std::basic_istream<char,std::char_traits<char>> &std::basic_istream<char,std::char_traits<char>>::operator >>(double &)": невозможно преобразовать аргумент 2 из "ORDER" в "double &"
      C:\Program Files\Microsoft Visual Studio\2022\Community\VC\Tools\MSVC\14.44.35207\include\istream(297,39):
      или       "std::basic_istream<char,std::char_traits<char>> &std::basic_istream<char,std::char_traits<char>>::operator >>(float &)"
          C:\Users\dvromantsev\source\repos\Good_prog_Var20\Good_prog_Var20\Good_prog_Var20.cpp(16,19):
          "std::basic_istream<char,std::char_traits<char>> &std::basic_istream<char,std::char_traits<char>>::operator >>(float &)": невозможно преобразовать аргумент 2 из "ORDER" в "float &"
      C:\Program Files\Microsoft Visual Studio\2022\Community\VC\Tools\MSVC\14.44.35207\include\istream(293,39):
      или       "std::basic_istream<char,std::char_traits<char>> &std::basic_istream<char,std::char_traits<char>>::operator >>(unsigned __int64 &)"
          C:\Users\dvromantsev\source\repos\Good_prog_Var20\Good_prog_Var20\Good_prog_Var20.cpp(16,19):
          "std::basic_istream<char,std::char_traits<char>> &std::basic_istream<char,std::char_traits<char>>::operator >>(unsigned __int64 &)": невозможно преобразовать аргумент 2 из "ORDER" в "unsigned __int64 &"
      C:\Program Files\Microsoft Visual Studio\2022\Community\VC\Tools\MSVC\14.44.35207\include\istream(289,39):
      или       "std::basic_istream<char,std::char_traits<char>> &std::basic_istream<char,std::char_traits<char>>::operator >>(__int64 &)"
          C:\Users\dvromantsev\source\repos\Good_prog_Var20\Good_prog_Var20\Good_prog_Var20.cpp(16,19):
          "std::basic_istream<char,std::char_traits<char>> &std::basic_istream<char,std::char_traits<char>>::operator >>(__int64 &)": невозможно преобразовать аргумент 2 из "ORDER" в "__int64 &"
      C:\Program Files\Microsoft Visual Studio\2022\Community\VC\Tools\MSVC\14.44.35207\include\istream(285,39):
      или       "std::basic_istream<char,std::char_traits<char>> &std::basic_istream<char,std::char_traits<char>>::operator >>(unsigned long &)"
          C:\Users\dvromantsev\source\repos\Good_prog_Var20\Good_prog_Var20\Good_prog_Var20.cpp(16,19):
          "std::basic_istream<char,std::char_traits<char>> &std::basic_istream<char,std::char_traits<char>>::operator >>(unsigned long &)": невозможно преобразовать аргумент 2 из "ORDER" в "unsigned long &"
      C:\Program Files\Microsoft Visual Studio\2022\Community\VC\Tools\MSVC\14.44.35207\include\istream(281,39):
      или       "std::basic_istream<char,std::char_traits<char>> &std::basic_istream<char,std::char_traits<char>>::operator >>(long &)"
          C:\Users\dvromantsev\source\repos\Good_prog_Var20\Good_prog_Var20\Good_prog_Var20.cpp(16,19):
          "std::basic_istream<char,std::char_traits<char>> &std::basic_istream<char,std::char_traits<char>>::operator >>(long &)": невозможно преобразовать аргумент 2 из "ORDER" в "long &"
      C:\Program Files\Microsoft Visual Studio\2022\Community\VC\Tools\MSVC\14.44.35207\include\istream(277,39):
      или       "std::basic_istream<char,std::char_traits<char>> &std::basic_istream<char,std::char_traits<char>>::operator >>(unsigned int &)"
          C:\Users\dvromantsev\source\repos\Good_prog_Var20\Good_prog_Var20\Good_prog_Var20.cpp(16,19):
          "std::basic_istream<char,std::char_traits<char>> &std::basic_istream<char,std::char_traits<char>>::operator >>(unsigned int &)": невозможно преобразовать аргумент 2 из "ORDER" в "unsigned int &"
      C:\Program Files\Microsoft Visual Studio\2022\Community\VC\Tools\MSVC\14.44.35207\include\istream(269,39):
      или       "std::basic_istream<char,std::char_traits<char>> &std::basic_istream<char,std::char_traits<char>>::operator >>(int &)"
          C:\Users\dvromantsev\source\repos\Good_prog_Var20\Good_prog_Var20\Good_prog_Var20.cpp(16,19):
          "std::basic_istream<char,std::char_traits<char>> &std::basic_istream<char,std::char_traits<char>>::operator >>(int &)": невозможно преобразовать аргумент 2 из "ORDER" в "int &"
      C:\Program Files\Microsoft Visual Studio\2022\Community\VC\Tools\MSVC\14.44.35207\include\istream(265,39):
      или       "std::basic_istream<char,std::char_traits<char>> &std::basic_istream<char,std::char_traits<char>>::operator >>(unsigned short &)"
          C:\Users\dvromantsev\source\repos\Good_prog_Var20\Good_prog_Var20\Good_prog_Var20.cpp(16,19):
          "std::basic_istream<char,std::char_traits<char>> &std::basic_istream<char,std::char_traits<char>>::operator >>(unsigned short &)": невозможно преобразовать аргумент 2 из "ORDER" в "unsigned short &"
      C:\Program Files\Microsoft Visual Studio\2022\Community\VC\Tools\MSVC\14.44.35207\include\istream(233,39):
      или       "std::basic_istream<char,std::char_traits<char>> &std::basic_istream<char,std::char_traits<char>>::operator >>(short &)"
          C:\Users\dvromantsev\source\repos\Good_prog_Var20\Good_prog_Var20\Good_prog_Var20.cpp(16,19):
          "std::basic_istream<char,std::char_traits<char>> &std::basic_istream<char,std::char_traits<char>>::operator >>(short &)": невозможно преобразовать аргумент 2 из "ORDER" в "short &"
      C:\Program Files\Microsoft Visual Studio\2022\Community\VC\Tools\MSVC\14.44.35207\include\istream(229,39):
      или       "std::basic_istream<char,std::char_traits<char>> &std::basic_istream<char,std::char_traits<char>>::operator >>(bool &)"
          C:\Users\dvromantsev\source\repos\Good_prog_Var20\Good_prog_Var20\Good_prog_Var20.cpp(16,19):
          "std::basic_istream<char,std::char_traits<char>> &std::basic_istream<char,std::char_traits<char>>::operator >>(bool &)": невозможно преобразовать аргумент 2 из "ORDER" в "bool &"
      C:\Program Files\Microsoft Visual Studio\2022\Community\VC\Tools\MSVC\14.44.35207\include\istream(200,39):
      или       "std::basic_istream<char,std::char_traits<char>> &std::basic_istream<char,std::char_traits<char>>::operator >>(std::ios_base &(__cdecl *)(std::ios_base &))"
          C:\Users\dvromantsev\source\repos\Good_prog_Var20\Good_prog_Var20\Good_prog_Var20.cpp(16,19):
          "std::basic_istream<char,std::char_traits<char>> &std::basic_istream<char,std::char_traits<char>>::operator >>(std::ios_base &(__cdecl *)(std::ios_base &))": невозможно преобразовать аргумент 2 из "ORDER" в "std::ios_base &(__cdecl *)(std::ios_base &)"
              C:\Users\dvromantsev\source\repos\Good_prog_Var20\Good_prog_Var20\Good_prog_Var20.cpp(16,29):
              Для выполнения данного преобразования нет доступного оператора преобразования, определенного пользователем, или вызов оператора невозможен
      C:\Program Files\Microsoft Visual Studio\2022\Community\VC\Tools\MSVC\14.44.35207\include\istream(195,39):
      или       "std::basic_istream<char,std::char_traits<char>> &std::basic_istream<char,std::char_traits<char>>::operator >>(std::basic_ios<char,std::char_traits<char>> &(__cdecl *)(std::basic_ios<char,std::char_traits<char>> &))"
          C:\Users\dvromantsev\source\repos\Good_prog_Var20\Good_prog_Var20\Good_prog_Var20.cpp(16,19):
          "std::basic_istream<char,std::char_traits<char>> &std::basic_istream<char,std::char_traits<char>>::operator >>(std::basic_ios<char,std::char_traits<char>> &(__cdecl *)(std::basic_ios<char,std::char_traits<char>> &))": невозможно преобразовать аргумент 2 из "ORDER" в "std::basic_ios<char,std::char_traits<char>> &(__cdecl *)(std::basic_ios<char,std::char_traits<char>> &)"
              C:\Users\dvromantsev\source\repos\Good_prog_Var20\Good_prog_Var20\Good_prog_Var20.cpp(16,29):
              Для выполнения данного преобразования нет доступного оператора преобразования, определенного пользователем, или вызов оператора невозможен
      C:\Program Files\Microsoft Visual Studio\2022\Community\VC\Tools\MSVC\14.44.35207\include\istream(190,39):
      или       "std::basic_istream<char,std::char_traits<char>> &std::basic_istream<char,std::char_traits<char>>::operator >>(std::basic_istream<char,std::char_traits<char>> &(__cdecl *)(std::basic_istream<char,std::char_traits<char>> &))"
          C:\Users\dvromantsev\source\repos\Good_prog_Var20\Good_prog_Var20\Good_prog_Var20.cpp(16,19):
          "std::basic_istream<char,std::char_traits<char>> &std::basic_istream<char,std::char_traits<char>>::operator >>(std::basic_istream<char,std::char_traits<char>> &(__cdecl *)(std::basic_istream<char,std::char_traits<char>> &))": невозможно преобразовать аргумент 2 из "ORDER" в "std::basic_istream<char,std::char_traits<char>> &(__cdecl *)(std::basic_istream<char,std::char_traits<char>> &)"
              C:\Users\dvromantsev\source\repos\Good_prog_Var20\Good_prog_Var20\Good_prog_Var20.cpp(16,29):
              Для выполнения данного преобразования нет доступного оператора преобразования, определенного пользователем, или вызов оператора невозможен
      C:\Program Files\Microsoft Visual Studio\2022\Community\VC\Tools\MSVC\14.44.35207\include\istream(923,9):
      или       "_Istr &&std::operator >>(_Istr &&,_Ty &&)"
          C:\Users\dvromantsev\source\repos\Good_prog_Var20\Good_prog_Var20\Good_prog_Var20.cpp(16,19):
          "_Istr &&std::operator >>(_Istr &&,_Ty &&)": не удается вывести аргумент шаблон для "__formal"
              C:\Program Files\Microsoft Visual Studio\2022\Community\VC\Tools\MSVC\14.44.35207\include\istream(922,102):
              "<template-parameter>": невозможно создать указатель на ссылку
      C:\Program Files\Microsoft Visual Studio\2022\Community\VC\Tools\MSVC\14.44.35207\include\istream(910,31):
      или       "std::basic_istream<char,_Traits> &std::operator >>(std::basic_istream<char,_Traits> &,unsigned char &)"
          C:\Users\dvromantsev\source\repos\Good_prog_Var20\Good_prog_Var20\Good_prog_Var20.cpp(16,19):
          'std::basic_istream<char,_Traits> &std::operator >>(std::basic_istream<char,_Traits> &,unsigned char &)': не удалось вывести аргумент шаблон для 'std::basic_istream<char,_Traits> &' из 'std::ifstream'
          C:\Users\dvromantsev\source\repos\Good_prog_Var20\Good_prog_Var20\Good_prog_Var20.cpp(16,29):
          инициализация: невозможно преобразовать "ORDER" в "unsigned char &"
      C:\Program Files\Microsoft Visual Studio\2022\Community\VC\Tools\MSVC\14.44.35207\include\istream(904,31):
      или       "std::basic_istream<char,_Traits> &std::operator >>(std::basic_istream<char,_Traits> &,signed char &)"
          C:\Users\dvromantsev\source\repos\Good_prog_Var20\Good_prog_Var20\Good_prog_Var20.cpp(16,19):
          'std::basic_istream<char,_Traits> &std::operator >>(std::basic_istream<char,_Traits> &,signed char &)': не удалось вывести аргумент шаблон для 'std::basic_istream<char,_Traits> &' из 'std::ifstream'
          C:\Users\dvromantsev\source\repos\Good_prog_Var20\Good_prog_Var20\Good_prog_Var20.cpp(16,29):
          инициализация: невозможно преобразовать "ORDER" в "signed char &"
      C:\Program Files\Microsoft Visual Studio\2022\Community\VC\Tools\MSVC\14.44.35207\include\istream(881,32):
      или       "std::basic_istream<_Elem,_Traits> &std::operator >>(std::basic_istream<_Elem,_Traits> &,_Elem &)"
          C:\Users\dvromantsev\source\repos\Good_prog_Var20\Good_prog_Var20\Good_prog_Var20.cpp(16,19):
          'std::basic_istream<_Elem,_Traits> &std::operator >>(std::basic_istream<_Elem,_Traits> &,_Elem &)': не удалось вывести аргумент шаблон для 'std::basic_istream<_Elem,_Traits> &' из 'std::ifstream'
          C:\Users\dvromantsev\source\repos\Good_prog_Var20\Good_prog_Var20\Good_prog_Var20.cpp(16,19):
          "std::basic_istream<_Elem,_Traits> &std::operator >>(std::basic_istream<_Elem,_Traits> &,_Elem &)": в шаблон параметр "_Elem" неоднозначен
              C:\Users\dvromantsev\source\repos\Good_prog_Var20\Good_prog_Var20\Good_prog_Var20.cpp(16,19):
              может быть "ORDER"
              C:\Users\dvromantsev\source\repos\Good_prog_Var20\Good_prog_Var20\Good_prog_Var20.cpp(16,19):
              или       "char"
          C:\Users\dvromantsev\source\repos\Good_prog_Var20\Good_prog_Var20\Good_prog_Var20.cpp(16,19):
          'std::basic_istream<_Elem,_Traits> &std::operator >>(std::basic_istream<_Elem,_Traits> &,_Elem &)': не удалось вывести аргумент шаблон для '_Elem &' из 'ORDER'
      C:\Program Files\Microsoft Visual Studio\2022\Community\VC\Tools\MSVC\14.44.35207\include\istream(875,31):
      или       "std::basic_istream<char,_Traits> &std::operator >>(std::basic_istream<char,_Traits> &,unsigned char *)"
          C:\Users\dvromantsev\source\repos\Good_prog_Var20\Good_prog_Var20\Good_prog_Var20.cpp(16,19):
          'std::basic_istream<char,_Traits> &std::operator >>(std::basic_istream<char,_Traits> &,unsigned char *)': не удалось вывести аргумент шаблон для 'std::basic_istream<char,_Traits> &' из 'std::ifstream'
          C:\Users\dvromantsev\source\repos\Good_prog_Var20\Good_prog_Var20\Good_prog_Var20.cpp(16,29):
          инициализация: невозможно преобразовать "ORDER" в "unsigned char *"
              C:\Users\dvromantsev\source\repos\Good_prog_Var20\Good_prog_Var20\Good_prog_Var20.cpp(16,29):
              Для выполнения данного преобразования нет доступного оператора преобразования, определенного пользователем, или вызов оператора невозможен
      C:\Program Files\Microsoft Visual Studio\2022\Community\VC\Tools\MSVC\14.44.35207\include\istream(870,31):
      или       "std::basic_istream<char,_Traits> &std::operator >>(std::basic_istream<char,_Traits> &,signed char *)"
          C:\Users\dvromantsev\source\repos\Good_prog_Var20\Good_prog_Var20\Good_prog_Var20.cpp(16,19):
          'std::basic_istream<char,_Traits> &std::operator >>(std::basic_istream<char,_Traits> &,signed char *)': не удалось вывести аргумент шаблон для 'std::basic_istream<char,_Traits> &' из 'std::ifstream'
          C:\Users\dvromantsev\source\repos\Good_prog_Var20\Good_prog_Var20\Good_prog_Var20.cpp(16,29):
          инициализация: невозможно преобразовать "ORDER" в "signed char *"
              C:\Users\dvromantsev\source\repos\Good_prog_Var20\Good_prog_Var20\Good_prog_Var20.cpp(16,29):
              Для выполнения данного преобразования нет доступного оператора преобразования, определенного пользователем, или вызов оператора невозможен
      C:\Program Files\Microsoft Visual Studio\2022\Community\VC\Tools\MSVC\14.44.35207\include\istream(865,32):
      или       "std::basic_istream<_Elem,_Traits> &std::operator >>(std::basic_istream<_Elem,_Traits> &,_Elem *)"
          C:\Users\dvromantsev\source\repos\Good_prog_Var20\Good_prog_Var20\Good_prog_Var20.cpp(16,19):
          'std::basic_istream<_Elem,_Traits> &std::operator >>(std::basic_istream<_Elem,_Traits> &,_Elem *)': не удалось вывести аргумент шаблон для 'std::basic_istream<_Elem,_Traits> &' из 'std::ifstream'
          C:\Users\dvromantsev\source\repos\Good_prog_Var20\Good_prog_Var20\Good_prog_Var20.cpp(16,19):
          'std::basic_istream<_Elem,_Traits> &std::operator >>(std::basic_istream<_Elem,_Traits> &,_Elem *)': не удалось вывести аргумент шаблон для '_Elem *' из 'ORDER'
      C:\Program Files\Microsoft Visual Studio\2022\Community\VC\Tools\MSVC\14.44.35207\include\xstring(3395,32):
      или       "std::basic_istream<_Elem,_Traits> &std::operator >>(std::basic_istream<_Elem,_Traits> &,std::basic_string<_Elem,_Traits,_Alloc> &)"
          C:\Users\dvromantsev\source\repos\Good_prog_Var20\Good_prog_Var20\Good_prog_Var20.cpp(16,19):
          'std::basic_istream<_Elem,_Traits> &std::operator >>(std::basic_istream<_Elem,_Traits> &,std::basic_string<_Elem,_Traits,_Alloc> &)': не удалось вывести аргумент шаблон для 'std::basic_istream<_Elem,_Traits> &' из 'std::ifstream'
          C:\Users\dvromantsev\source\repos\Good_prog_Var20\Good_prog_Var20\Good_prog_Var20.cpp(16,19):
          'std::basic_istream<_Elem,_Traits> &std::operator >>(std::basic_istream<_Elem,_Traits> &,std::basic_string<_Elem,_Traits,_Alloc> &)': не удалось вывести аргумент шаблон для 'std::basic_string<_Elem,_Traits,_Alloc> &' из 'ORDER'
      C:\Users\dvromantsev\source\repos\Good_prog_Var20\Good_prog_Var20\Good_prog_Var20.cpp(16,19):
      при попытке сопоставить список аргументов "(std::ifstream, ORDER)"
  
C:\Users\dvromantsev\source\repos\Good_prog_Var20\Good_prog_Var20\Good_prog_Var20.cpp(19,3): error C2679: бинарный "<<": не найден оператор, принимающий правый операнд типа "ORDER" (или приемлемое преобразование отсутствует)
      C:\Program Files\Microsoft Visual Studio\2022\Community\VC\Tools\MSVC\14.44.35207\include\__msvc_ostream.hpp(480,39):
      может быть "std::basic_ostream<char,std::char_traits<char>> &std::basic_ostream<char,std::char_traits<char>>::operator <<(std::basic_streambuf<char,std::char_traits<char>> *)"
          C:\Users\dvromantsev\source\repos\Good_prog_Var20\Good_prog_Var20\Good_prog_Var20.cpp(19,3):
          "std::basic_ostream<char,std::char_traits<char>> &std::basic_ostream<char,std::char_traits<char>>::operator <<(std::basic_streambuf<char,std::char_traits<char>> *)": невозможно преобразовать аргумент 2 из "ORDER" в "std::basic_streambuf<char,std::char_traits<char>> *"
              C:\Users\dvromantsev\source\repos\Good_prog_Var20\Good_prog_Var20\Good_prog_Var20.cpp(19,15):
              Для выполнения данного преобразования нет доступного оператора преобразования, определенного пользователем, или вызов оператора невозможен
      C:\Program Files\Microsoft Visual Studio\2022\Community\VC\Tools\MSVC\14.44.35207\include\__msvc_ostream.hpp(448,39):
      или       "std::basic_ostream<char,std::char_traits<char>> &std::basic_ostream<char,std::char_traits<char>>::operator <<(const void *)"
          C:\Users\dvromantsev\source\repos\Good_prog_Var20\Good_prog_Var20\Good_prog_Var20.cpp(19,3):
          "std::basic_ostream<char,std::char_traits<char>> &std::basic_ostream<char,std::char_traits<char>>::operator <<(const void *)": невозможно преобразовать аргумент 2 из "ORDER" в "const void *"
              C:\Users\dvromantsev\source\repos\Good_prog_Var20\Good_prog_Var20\Good_prog_Var20.cpp(19,15):
              Для выполнения данного преобразования нет доступного оператора преобразования, определенного пользователем, или вызов оператора невозможен
      C:\Program Files\Microsoft Visual Studio\2022\Community\VC\Tools\MSVC\14.44.35207\include\__msvc_ostream.hpp(430,39):
      или       "std::basic_ostream<char,std::char_traits<char>> &std::basic_ostream<char,std::char_traits<char>>::operator <<(long double)"
          C:\Users\dvromantsev\source\repos\Good_prog_Var20\Good_prog_Var20\Good_prog_Var20.cpp(19,3):
          "std::basic_ostream<char,std::char_traits<char>> &std::basic_ostream<char,std::char_traits<char>>::operator <<(long double)": невозможно преобразовать аргумент 2 из "ORDER" в "long double"
              C:\Users\dvromantsev\source\repos\Good_prog_Var20\Good_prog_Var20\Good_prog_Var20.cpp(19,15):
              Для выполнения данного преобразования нет доступного оператора преобразования, определенного пользователем, или вызов оператора невозможен
      C:\Program Files\Microsoft Visual Studio\2022\Community\VC\Tools\MSVC\14.44.35207\include\__msvc_ostream.hpp(412,39):
      или       "std::basic_ostream<char,std::char_traits<char>> &std::basic_ostream<char,std::char_traits<char>>::operator <<(double)"
          C:\Users\dvromantsev\source\repos\Good_prog_Var20\Good_prog_Var20\Good_prog_Var20.cpp(19,3):
          "std::basic_ostream<char,std::char_traits<char>> &std::basic_ostream<char,std::char_traits<char>>::operator <<(double)": невозможно преобразовать аргумент 2 из "ORDER" в "double"
              C:\Users\dvromantsev\source\repos\Good_prog_Var20\Good_prog_Var20\Good_prog_Var20.cpp(19,15):
              Для выполнения данного преобразования нет доступного оператора преобразования, определенного пользователем, или вызов оператора невозможен
      C:\Program Files\Microsoft Visual Studio\2022\Community\VC\Tools\MSVC\14.44.35207\include\__msvc_ostream.hpp(394,39):
      или       "std::basic_ostream<char,std::char_traits<char>> &std::basic_ostream<char,std::char_traits<char>>::operator <<(float)"
          C:\Users\dvromantsev\source\repos\Good_prog_Var20\Good_prog_Var20\Good_prog_Var20.cpp(19,3):
          "std::basic_ostream<char,std::char_traits<char>> &std::basic_ostream<char,std::char_traits<char>>::operator <<(float)": невозможно преобразовать аргумент 2 из "ORDER" в "float"
              C:\Users\dvromantsev\source\repos\Good_prog_Var20\Good_prog_Var20\Good_prog_Var20.cpp(19,15):
              Для выполнения данного преобразования нет доступного оператора преобразования, определенного пользователем, или вызов оператора невозможен
      C:\Program Files\Microsoft Visual Studio\2022\Community\VC\Tools\MSVC\14.44.35207\include\__msvc_ostream.hpp(376,39):
      или       "std::basic_ostream<char,std::char_traits<char>> &std::basic_ostream<char,std::char_traits<char>>::operator <<(unsigned __int64)"
          C:\Users\dvromantsev\source\repos\Good_prog_Var20\Good_prog_Var20\Good_prog_Var20.cpp(19,3):
          "std::basic_ostream<char,std::char_traits<char>> &std::basic_ostream<char,std::char_traits<char>>::operator <<(unsigned __int64)": невозможно преобразовать аргумент 2 из "ORDER" в "unsigned __int64"
              C:\Users\dvromantsev\source\repos\Good_prog_Var20\Good_prog_Var20\Good_prog_Var20.cpp(19,15):
              Для выполнения данного преобразования нет доступного оператора преобразования, определенного пользователем, или вызов оператора невозможен
      C:\Program Files\Microsoft Visual Studio\2022\Community\VC\Tools\MSVC\14.44.35207\include\__msvc_ostream.hpp(358,39):
      или       "std::basic_ostream<char,std::char_traits<char>> &std::basic_ostream<char,std::char_traits<char>>::operator <<(__int64)"
          C:\Users\dvromantsev\source\repos\Good_prog_Var20\Good_prog_Var20\Good_prog_Var20.cpp(19,3):
          "std::basic_ostream<char,std::char_traits<char>> &std::basic_ostream<char,std::char_traits<char>>::operator <<(__int64)": невозможно преобразовать аргумент 2 из "ORDER" в "__int64"
              C:\Users\dvromantsev\source\repos\Good_prog_Var20\Good_prog_Var20\Good_prog_Var20.cpp(19,15):
              Для выполнения данного преобразования нет доступного оператора преобразования, определенного пользователем, или вызов оператора невозможен
      C:\Program Files\Microsoft Visual Studio\2022\Community\VC\Tools\MSVC\14.44.35207\include\__msvc_ostream.hpp(340,39):
      или       "std::basic_ostream<char,std::char_traits<char>> &std::basic_ostream<char,std::char_traits<char>>::operator <<(unsigned long)"
          C:\Users\dvromantsev\source\repos\Good_prog_Var20\Good_prog_Var20\Good_prog_Var20.cpp(19,3):
          "std::basic_ostream<char,std::char_traits<char>> &std::basic_ostream<char,std::char_traits<char>>::operator <<(unsigned long)": невозможно преобразовать аргумент 2 из "ORDER" в "unsigned long"
              C:\Users\dvromantsev\source\repos\Good_prog_Var20\Good_prog_Var20\Good_prog_Var20.cpp(19,15):
              Для выполнения данного преобразования нет доступного оператора преобразования, определенного пользователем, или вызов оператора невозможен
      C:\Program Files\Microsoft Visual Studio\2022\Community\VC\Tools\MSVC\14.44.35207\include\__msvc_ostream.hpp(322,39):
      или       "std::basic_ostream<char,std::char_traits<char>> &std::basic_ostream<char,std::char_traits<char>>::operator <<(long)"
          C:\Users\dvromantsev\source\repos\Good_prog_Var20\Good_prog_Var20\Good_prog_Var20.cpp(19,3):
          "std::basic_ostream<char,std::char_traits<char>> &std::basic_ostream<char,std::char_traits<char>>::operator <<(long)": невозможно преобразовать аргумент 2 из "ORDER" в "long"
              C:\Users\dvromantsev\source\repos\Good_prog_Var20\Good_prog_Var20\Good_prog_Var20.cpp(19,15):
              Для выполнения данного преобразования нет доступного оператора преобразования, определенного пользователем, или вызов оператора невозможен
      C:\Program Files\Microsoft Visual Studio\2022\Community\VC\Tools\MSVC\14.44.35207\include\__msvc_ostream.hpp(303,39):
      или       "std::basic_ostream<char,std::char_traits<char>> &std::basic_ostream<char,std::char_traits<char>>::operator <<(unsigned int)"
          C:\Users\dvromantsev\source\repos\Good_prog_Var20\Good_prog_Var20\Good_prog_Var20.cpp(19,3):
          "std::basic_ostream<char,std::char_traits<char>> &std::basic_ostream<char,std::char_traits<char>>::operator <<(unsigned int)": невозможно преобразовать аргумент 2 из "ORDER" в "unsigned int"
              C:\Users\dvromantsev\source\repos\Good_prog_Var20\Good_prog_Var20\Good_prog_Var20.cpp(19,15):
              Для выполнения данного преобразования нет доступного оператора преобразования, определенного пользователем, или вызов оператора невозможен
      C:\Program Files\Microsoft Visual Studio\2022\Community\VC\Tools\MSVC\14.44.35207\include\__msvc_ostream.hpp(277,39):
      или       "std::basic_ostream<char,std::char_traits<char>> &std::basic_ostream<char,std::char_traits<char>>::operator <<(int)"
          C:\Users\dvromantsev\source\repos\Good_prog_Var20\Good_prog_Var20\Good_prog_Var20.cpp(19,3):
          "std::basic_ostream<char,std::char_traits<char>> &std::basic_ostream<char,std::char_traits<char>>::operator <<(int)": невозможно преобразовать аргумент 2 из "ORDER" в "int"
              C:\Users\dvromantsev\source\repos\Good_prog_Var20\Good_prog_Var20\Good_prog_Var20.cpp(19,15):
              Для выполнения данного преобразования нет доступного оператора преобразования, определенного пользователем, или вызов оператора невозможен
      C:\Program Files\Microsoft Visual Studio\2022\Community\VC\Tools\MSVC\14.44.35207\include\__msvc_ostream.hpp(258,39):
      или       "std::basic_ostream<char,std::char_traits<char>> &std::basic_ostream<char,std::char_traits<char>>::operator <<(unsigned short)"
          C:\Users\dvromantsev\source\repos\Good_prog_Var20\Good_prog_Var20\Good_prog_Var20.cpp(19,3):
          "std::basic_ostream<char,std::char_traits<char>> &std::basic_ostream<char,std::char_traits<char>>::operator <<(unsigned short)": невозможно преобразовать аргумент 2 из "ORDER" в "unsigned short"
              C:\Users\dvromantsev\source\repos\Good_prog_Var20\Good_prog_Var20\Good_prog_Var20.cpp(19,15):
              Для выполнения данного преобразования нет доступного оператора преобразования, определенного пользователем, или вызов оператора невозможен
      C:\Program Files\Microsoft Visual Studio\2022\Community\VC\Tools\MSVC\14.44.35207\include\__msvc_ostream.hpp(224,39):
      или       "std::basic_ostream<char,std::char_traits<char>> &std::basic_ostream<char,std::char_traits<char>>::operator <<(short)"
          C:\Users\dvromantsev\source\repos\Good_prog_Var20\Good_prog_Var20\Good_prog_Var20.cpp(19,3):
          "std::basic_ostream<char,std::char_traits<char>> &std::basic_ostream<char,std::char_traits<char>>::operator <<(short)": невозможно преобразовать аргумент 2 из "ORDER" в "short"
              C:\Users\dvromantsev\source\repos\Good_prog_Var20\Good_prog_Var20\Good_prog_Var20.cpp(19,15):
              Для выполнения данного преобразования нет доступного оператора преобразования, определенного пользователем, или вызов оператора невозможен
      C:\Program Files\Microsoft Visual Studio\2022\Community\VC\Tools\MSVC\14.44.35207\include\__msvc_ostream.hpp(206,39):
      или       "std::basic_ostream<char,std::char_traits<char>> &std::basic_ostream<char,std::char_traits<char>>::operator <<(bool)"
          C:\Users\dvromantsev\source\repos\Good_prog_Var20\Good_prog_Var20\Good_prog_Var20.cpp(19,3):
          "std::basic_ostream<char,std::char_traits<char>> &std::basic_ostream<char,std::char_traits<char>>::operator <<(bool)": невозможно преобразовать аргумент 2 из "ORDER" в "bool"
              C:\Users\dvromantsev\source\repos\Good_prog_Var20\Good_prog_Var20\Good_prog_Var20.cpp(19,15):
              Для выполнения данного преобразования нет доступного оператора преобразования, определенного пользователем, или вызов оператора невозможен
      C:\Program Files\Microsoft Visual Studio\2022\Community\VC\Tools\MSVC\14.44.35207\include\__msvc_ostream.hpp(200,39):
      или       "std::basic_ostream<char,std::char_traits<char>> &std::basic_ostream<char,std::char_traits<char>>::operator <<(std::ios_base &(__cdecl *)(std::ios_base &))"
          C:\Users\dvromantsev\source\repos\Good_prog_Var20\Good_prog_Var20\Good_prog_Var20.cpp(19,3):
          "std::basic_ostream<char,std::char_traits<char>> &std::basic_ostream<char,std::char_traits<char>>::operator <<(std::ios_base &(__cdecl *)(std::ios_base &))": невозможно преобразовать аргумент 2 из "ORDER" в "std::ios_base &(__cdecl *)(std::ios_base &)"
              C:\Users\dvromantsev\source\repos\Good_prog_Var20\Good_prog_Var20\Good_prog_Var20.cpp(19,15):
              Для выполнения данного преобразования нет доступного оператора преобразования, определенного пользователем, или вызов оператора невозможен
      C:\Program Files\Microsoft Visual Studio\2022\Community\VC\Tools\MSVC\14.44.35207\include\__msvc_ostream.hpp(194,39):
      или       "std::basic_ostream<char,std::char_traits<char>> &std::basic_ostream<char,std::char_traits<char>>::operator <<(std::basic_ios<char,std::char_traits<char>> &(__cdecl *)(std::basic_ios<char,std::char_traits<char>> &))"
          C:\Users\dvromantsev\source\repos\Good_prog_Var20\Good_prog_Var20\Good_prog_Var20.cpp(19,3):
          "std::basic_ostream<char,std::char_traits<char>> &std::basic_ostream<char,std::char_traits<char>>::operator <<(std::basic_ios<char,std::char_traits<char>> &(__cdecl *)(std::basic_ios<char,std::char_traits<char>> &))": невозможно преобразовать аргумент 2 из "ORDER" в "std::basic_ios<char,std::char_traits<char>> &(__cdecl *)(std::basic_ios<char,std::char_traits<char>> &)"
              C:\Users\dvromantsev\source\repos\Good_prog_Var20\Good_prog_Var20\Good_prog_Var20.cpp(19,15):
              Для выполнения данного преобразования нет доступного оператора преобразования, определенного пользователем, или вызов оператора невозможен
      C:\Program Files\Microsoft Visual Studio\2022\Community\VC\Tools\MSVC\14.44.35207\include\__msvc_ostream.hpp(189,39):
      или       "std::basic_ostream<char,std::char_traits<char>> &std::basic_ostream<char,std::char_traits<char>>::operator <<(std::basic_ostream<char,std::char_traits<char>> &(__cdecl *)(std::basic_ostream<char,std::char_traits<char>> &))"
          C:\Users\dvromantsev\source\repos\Good_prog_Var20\Good_prog_Var20\Good_prog_Var20.cpp(19,3):
          "std::basic_ostream<char,std::char_traits<char>> &std::basic_ostream<char,std::char_traits<char>>::operator <<(std::basic_ostream<char,std::char_traits<char>> &(__cdecl *)(std::basic_ostream<char,std::char_traits<char>> &))": невозможно преобразовать аргумент 2 из "ORDER" в "std::basic_ostream<char,std::char_traits<char>> &(__cdecl *)(std::basic_ostream<char,std::char_traits<char>> &)"
              C:\Users\dvromantsev\source\repos\Good_prog_Var20\Good_prog_Var20\Good_prog_Var20.cpp(19,15):
              Для выполнения данного преобразования нет доступного оператора преобразования, определенного пользователем, или вызов оператора невозможен
      C:\Program Files\Microsoft Visual Studio\2022\Community\VC\Tools\MSVC\14.44.35207\include\__msvc_ostream.hpp(1031,32):
      или       "std::basic_ostream<_Elem,_Traits> &std::operator <<(std::basic_ostream<_Elem,_Traits> &,const std::error_code &)"
          C:\Users\dvromantsev\source\repos\Good_prog_Var20\Good_prog_Var20\Good_prog_Var20.cpp(19,15):
          инициализация: невозможно преобразовать "ORDER" в "const std::error_code &"
              C:\Users\dvromantsev\source\repos\Good_prog_Var20\Good_prog_Var20\Good_prog_Var20.cpp(19,15):
              Причина: невозможно преобразовать "ORDER" в "const std::error_code"
              C:\Users\dvromantsev\source\repos\Good_prog_Var20\Good_prog_Var20\Good_prog_Var20.cpp(19,15):
              Для выполнения данного преобразования нет доступного оператора преобразования, определенного пользователем, или вызов оператора невозможен
      C:\Program Files\Microsoft Visual Studio\2022\Community\VC\Tools\MSVC\14.44.35207\include\__msvc_ostream.hpp(1005,9):
      или       "_Ostr &&std::operator <<(_Ostr &&,const _Ty &)"
          C:\Users\dvromantsev\source\repos\Good_prog_Var20\Good_prog_Var20\Good_prog_Var20.cpp(19,3):
          "_Ostr &&std::operator <<(_Ostr &&,const _Ty &)": не удается вывести аргумент шаблон для "__formal"
              C:\Program Files\Microsoft Visual Studio\2022\Community\VC\Tools\MSVC\14.44.35207\include\__msvc_ostream.hpp(1004,103):
              "<template-parameter>": невозможно создать указатель на ссылку
      C:\Program Files\Microsoft Visual Studio\2022\Community\VC\Tools\MSVC\14.44.35207\include\__msvc_ostream.hpp(947,31):
      или       "std::basic_ostream<char,_Traits> &std::operator <<(std::basic_ostream<char,_Traits> &,unsigned char)"
          C:\Users\dvromantsev\source\repos\Good_prog_Var20\Good_prog_Var20\Good_prog_Var20.cpp(19,15):
          инициализация: невозможно преобразовать "ORDER" в "unsigned char"
              C:\Users\dvromantsev\source\repos\Good_prog_Var20\Good_prog_Var20\Good_prog_Var20.cpp(19,15):
              Для выполнения данного преобразования нет доступного оператора преобразования, определенного пользователем, или вызов оператора невозможен
      C:\Program Files\Microsoft Visual Studio\2022\Community\VC\Tools\MSVC\14.44.35207\include\__msvc_ostream.hpp(941,31):
      или       "std::basic_ostream<char,_Traits> &std::operator <<(std::basic_ostream<char,_Traits> &,const unsigned char *)"
          C:\Users\dvromantsev\source\repos\Good_prog_Var20\Good_prog_Var20\Good_prog_Var20.cpp(19,15):
          инициализация: невозможно преобразовать "ORDER" в "const unsigned char *"
              C:\Users\dvromantsev\source\repos\Good_prog_Var20\Good_prog_Var20\Good_prog_Var20.cpp(19,15):
              Для выполнения данного преобразования нет доступного оператора преобразования, определенного пользователем, или вызов оператора невозможен
      C:\Program Files\Microsoft Visual Studio\2022\Community\VC\Tools\MSVC\14.44.35207\include\__msvc_ostream.hpp(936,31):
      или       "std::basic_ostream<char,_Traits> &std::operator <<(std::basic_ostream<char,_Traits> &,signed char)"
          C:\Users\dvromantsev\source\repos\Good_prog_Var20\Good_prog_Var20\Good_prog_Var20.cpp(19,15):
          инициализация: невозможно преобразовать "ORDER" в "signed char"
              C:\Users\dvromantsev\source\repos\Good_prog_Var20\Good_prog_Var20\Good_prog_Var20.cpp(19,15):
              Для выполнения данного преобразования нет доступного оператора преобразования, определенного пользователем, или вызов оператора невозможен
      C:\Program Files\Microsoft Visual Studio\2022\Community\VC\Tools\MSVC\14.44.35207\include\__msvc_ostream.hpp(930,31):
      или       "std::basic_ostream<char,_Traits> &std::operator <<(std::basic_ostream<char,_Traits> &,const signed char *)"
          C:\Users\dvromantsev\source\repos\Good_prog_Var20\Good_prog_Var20\Good_prog_Var20.cpp(19,15):
          инициализация: невозможно преобразовать "ORDER" в "const signed char *"
              C:\Users\dvromantsev\source\repos\Good_prog_Var20\Good_prog_Var20\Good_prog_Var20.cpp(19,15):
              Для выполнения данного преобразования нет доступного оператора преобразования, определенного пользователем, или вызов оператора невозможен
      C:\Program Files\Microsoft Visual Studio\2022\Community\VC\Tools\MSVC\14.44.35207\include\__msvc_ostream.hpp(894,32):
      или       "std::basic_ostream<_Elem,_Traits> &std::operator <<(std::basic_ostream<_Elem,_Traits> &,_Elem)"
          C:\Users\dvromantsev\source\repos\Good_prog_Var20\Good_prog_Var20\Good_prog_Var20.cpp(19,3):
          "std::basic_ostream<_Elem,_Traits> &std::operator <<(std::basic_ostream<_Elem,_Traits> &,_Elem)": в шаблон параметр "_Elem" неоднозначен
              C:\Users\dvromantsev\source\repos\Good_prog_Var20\Good_prog_Var20\Good_prog_Var20.cpp(19,3):
              может быть "ORDER"
              C:\Users\dvromantsev\source\repos\Good_prog_Var20\Good_prog_Var20\Good_prog_Var20.cpp(19,3):
              или       "char"
          C:\Users\dvromantsev\source\repos\Good_prog_Var20\Good_prog_Var20\Good_prog_Var20.cpp(19,3):
          'std::basic_ostream<_Elem,_Traits> &std::operator <<(std::basic_ostream<_Elem,_Traits> &,_Elem)': не удалось вывести аргумент шаблон для '_Elem' из 'ORDER'
      C:\Program Files\Microsoft Visual Studio\2022\Community\VC\Tools\MSVC\14.44.35207\include\__msvc_ostream.hpp(851,32):
      или       "std::basic_ostream<_Elem,_Traits> &std::operator <<(std::basic_ostream<_Elem,_Traits> &,const _Elem *)"
          C:\Users\dvromantsev\source\repos\Good_prog_Var20\Good_prog_Var20\Good_prog_Var20.cpp(19,3):
          'std::basic_ostream<_Elem,_Traits> &std::operator <<(std::basic_ostream<_Elem,_Traits> &,const _Elem *)': не удалось вывести аргумент шаблон для 'const _Elem *' из 'ORDER'
      C:\Program Files\Microsoft Visual Studio\2022\Community\VC\Tools\MSVC\14.44.35207\include\__msvc_ostream.hpp(813,31):
      или       "std::basic_ostream<char,_Traits> &std::operator <<(std::basic_ostream<char,_Traits> &,char)"
          C:\Users\dvromantsev\source\repos\Good_prog_Var20\Good_prog_Var20\Good_prog_Var20.cpp(19,15):
          инициализация: невозможно преобразовать "ORDER" в "char"
              C:\Users\dvromantsev\source\repos\Good_prog_Var20\Good_prog_Var20\Good_prog_Var20.cpp(19,15):
              Для выполнения данного преобразования нет доступного оператора преобразования, определенного пользователем, или вызов оператора невозможен
      C:\Program Files\Microsoft Visual Studio\2022\Community\VC\Tools\MSVC\14.44.35207\include\__msvc_ostream.hpp(768,31):
      или       "std::basic_ostream<char,_Traits> &std::operator <<(std::basic_ostream<char,_Traits> &,const char *)"
          C:\Users\dvromantsev\source\repos\Good_prog_Var20\Good_prog_Var20\Good_prog_Var20.cpp(19,15):
          инициализация: невозможно преобразовать "ORDER" в "const char *"
              C:\Users\dvromantsev\source\repos\Good_prog_Var20\Good_prog_Var20\Good_prog_Var20.cpp(19,15):
              Для выполнения данного преобразования нет доступного оператора преобразования, определенного пользователем, или вызов оператора невозможен
      C:\Program Files\Microsoft Visual Studio\2022\Community\VC\Tools\MSVC\14.44.35207\include\__msvc_ostream.hpp(732,32):
      или       "std::basic_ostream<_Elem,_Traits> &std::operator <<(std::basic_ostream<_Elem,_Traits> &,char)"
          C:\Users\dvromantsev\source\repos\Good_prog_Var20\Good_prog_Var20\Good_prog_Var20.cpp(19,15):
          инициализация: невозможно преобразовать "ORDER" в "char"
              C:\Users\dvromantsev\source\repos\Good_prog_Var20\Good_prog_Var20\Good_prog_Var20.cpp(19,15):
              Для выполнения данного преобразования нет доступного оператора преобразования, определенного пользователем, или вызов оператора невозможен
      C:\Program Files\Microsoft Visual Studio\2022\Community\VC\Tools\MSVC\14.44.35207\include\__msvc_ostream.hpp(688,32):
      или       "std::basic_ostream<_Elem,_Traits> &std::operator <<(std::basic_ostream<_Elem,_Traits> &,const char *)"
          C:\Users\dvromantsev\source\repos\Good_prog_Var20\Good_prog_Var20\Good_prog_Var20.cpp(19,15):
          инициализация: невозможно преобразовать "ORDER" в "const char *"
              C:\Users\dvromantsev\source\repos\Good_prog_Var20\Good_prog_Var20\Good_prog_Var20.cpp(19,15):
              Для выполнения данного преобразования нет доступного оператора преобразования, определенного пользователем, или вызов оператора невозможен
      C:\Program Files\Microsoft Visual Studio\2022\Community\VC\Tools\MSVC\14.44.35207\include\memory(3792,32):
      или       "std::basic_ostream<_Elem,_Traits> &std::operator <<(std::basic_ostream<_Elem,_Traits> &,const std::unique_ptr<_Ty2,_Dx2> &)"
          C:\Users\dvromantsev\source\repos\Good_prog_Var20\Good_prog_Var20\Good_prog_Var20.cpp(19,3):
          'std::basic_ostream<_Elem,_Traits> &std::operator <<(std::basic_ostream<_Elem,_Traits> &,const std::unique_ptr<_Ty2,_Dx2> &)': не удалось вывести аргумент шаблон для 'const std::unique_ptr<_Ty2,_Dx2> &' из 'ORDER'
      C:\Program Files\Microsoft Visual Studio\2022\Community\VC\Tools\MSVC\14.44.35207\include\memory(1984,32):
      или       "std::basic_ostream<_Elem,_Traits> &std::operator <<(std::basic_ostream<_Elem,_Traits> &,const std::shared_ptr<_Ty> &)"
          C:\Users\dvromantsev\source\repos\Good_prog_Var20\Good_prog_Var20\Good_prog_Var20.cpp(19,3):
          'std::basic_ostream<_Elem,_Traits> &std::operator <<(std::basic_ostream<_Elem,_Traits> &,const std::shared_ptr<_Ty> &)': не удалось вывести аргумент шаблон для 'const std::shared_ptr<_Ty> &' из 'ORDER'
      C:\Program Files\Microsoft Visual Studio\2022\Community\VC\Tools\MSVC\14.44.35207\include\xstring(3444,32):
      или       "std::basic_ostream<_Elem,_Traits> &std::operator <<(std::basic_ostream<_Elem,_Traits> &,const std::basic_string<_Elem,_Traits,_Alloc> &)"
          C:\Users\dvromantsev\source\repos\Good_prog_Var20\Good_prog_Var20\Good_prog_Var20.cpp(19,3):
          'std::basic_ostream<_Elem,_Traits> &std::operator <<(std::basic_ostream<_Elem,_Traits> &,const std::basic_string<_Elem,_Traits,_Alloc> &)': не удалось вывести аргумент шаблон для 'const std::basic_string<_Elem,_Traits,_Alloc> &' из 'ORDER'
      C:\Users\dvromantsev\source\repos\Good_prog_Var20\Good_prog_Var20\Good_prog_Var20.cpp(19,3):
      при попытке сопоставить список аргументов "(std::ostream, ORDER)"
  
C:\Users\dvromantsev\source\repos\Good_prog_Var20\Good_prog_Var20\Good_prog_Var20.cpp(23,4): error C3867: "std::basic_ofstream<char,std::char_traits<char>>::close": нестандартный синтаксис; используйте "&", чтобы создать указатель на член
C:\Users\dvromantsev\source\repos\Good_prog_Var20\Good_prog_Var20\Good_prog_Var20.cpp(28,14): warning C4244: инициализация: преобразование "std::streamoff" в "int", возможна потеря данных
  ORDER.cpp
C:\Users\dvromantsev\source\repos\Good_prog_Var20\Good_prog_Var20\ORDER.h(16,16): error C2143: синтаксическая ошибка: отсутствие ";" перед "&"
  (компиляция исходного файла "ORDER.cpp")
  
C:\Users\dvromantsev\source\repos\Good_prog_Var20\Good_prog_Var20\ORDER.h(16,9): error C2433: ostream: "friend" не разрешается для объявлений данных
  (компиляция исходного файла "ORDER.cpp")
  
C:\Users\dvromantsev\source\repos\Good_prog_Var20\Good_prog_Var20\ORDER.h(16,9): error C4430: отсутствует спецификатор типа - предполагается int. Примечание. C++ не поддерживает int по умолчанию
  (компиляция исходного файла "ORDER.cpp")
  
C:\Users\dvromantsev\source\repos\Good_prog_Var20\Good_prog_Var20\ORDER.h(16,50): error C2238: непредвиденные лексемы перед ";"
  (компиляция исходного файла "ORDER.cpp")
  
C:\Users\dvromantsev\source\repos\Good_prog_Var20\Good_prog_Var20\ORDER.h(17,16): error C2143: синтаксическая ошибка: отсутствие ";" перед "&"
  (компиляция исходного файла "ORDER.cpp")
  
C:\Users\dvromantsev\source\repos\Good_prog_Var20\Good_prog_Var20\ORDER.h(17,9): error C2433: istream: "friend" не разрешается для объявлений данных
  (компиляция исходного файла "ORDER.cpp")
  
C:\Users\dvromantsev\source\repos\Good_prog_Var20\Good_prog_Var20\ORDER.h(17,9): error C4430: отсутствует спецификатор типа - предполагается int. Примечание. C++ не поддерживает int по умолчанию
  (компиляция исходного файла "ORDER.cpp")
  
C:\Users\dvromantsev\source\repos\Good_prog_Var20\Good_prog_Var20\ORDER.h(17,51): error C2238: непредвиденные лексемы перед ";"
  (компиляция исходного файла "ORDER.cpp")
  
C:\Users\dvromantsev\source\repos\Good_prog_Var20\Good_prog_Var20\ORDER.cpp(26,1): error C2872: ostream: неоднозначный символ
      C:\Users\dvromantsev\source\repos\Good_prog_Var20\Good_prog_Var20\ORDER.h(16,9):
      может быть "int ostream"
      C:\Program Files\Microsoft Visual Studio\2022\Community\VC\Tools\MSVC\14.44.35207\include\iosfwd(231,19):
      или       "std::ostream"
  
C:\Users\dvromantsev\source\repos\Good_prog_Var20\Good_prog_Var20\ORDER.cpp(26,8): error C2143: синтаксическая ошибка: отсутствие ";" перед "&"
C:\Users\dvromantsev\source\repos\Good_prog_Var20\Good_prog_Var20\ORDER.cpp(26,1): error C4430: отсутствует спецификатор типа - предполагается int. Примечание. C++ не поддерживает int по умолчанию
C:\Users\dvromantsev\source\repos\Good_prog_Var20\Good_prog_Var20\ORDER.cpp(26,1): error C2086: int ostream: переопределение
      C:\Users\dvromantsev\source\repos\Good_prog_Var20\Good_prog_Var20\ORDER.h(16,9):
       см. объявление "ostream"
  
C:\Users\dvromantsev\source\repos\Good_prog_Var20\Good_prog_Var20\ORDER.cpp(26,21): error C2872: ostream: неоднозначный символ
      C:\Users\dvromantsev\source\repos\Good_prog_Var20\Good_prog_Var20\ORDER.h(16,9):
      может быть "int ostream"
      C:\Program Files\Microsoft Visual Studio\2022\Community\VC\Tools\MSVC\14.44.35207\include\iosfwd(231,19):
      или       "std::ostream"
  
C:\Users\dvromantsev\source\repos\Good_prog_Var20\Good_prog_Var20\ORDER.cpp(26,10): error C2473: operator <<: выглядит как определение функции, но без списка параметров.
C:\Users\dvromantsev\source\repos\Good_prog_Var20\Good_prog_Var20\ORDER.cpp(26,10): error C4430: отсутствует спецификатор типа - предполагается int. Примечание. C++ не поддерживает int по умолчанию
C:\Users\dvromantsev\source\repos\Good_prog_Var20\Good_prog_Var20\ORDER.cpp(26,30): error C2065: os: необъявленный идентификатор
C:\Users\dvromantsev\source\repos\Good_prog_Var20\Good_prog_Var20\ORDER.cpp(26,34): error C2275: "ORDER": ожидается выражение вместо типа
C:\Users\dvromantsev\source\repos\Good_prog_Var20\Good_prog_Var20\ORDER.cpp(26,40): error C2146: синтаксическая ошибка: отсутствие ")" перед идентификатором "m"
C:\Users\dvromantsev\source\repos\Good_prog_Var20\Good_prog_Var20\ORDER.cpp(27,1): error C2143: синтаксическая ошибка: отсутствие ";" перед "{"
C:\Users\dvromantsev\source\repos\Good_prog_Var20\Good_prog_Var20\ORDER.cpp(27,1): error C2447: {: отсутствует заголовок функции (возможно, используется формальный список старого типа)
C:\Users\dvromantsev\source\repos\Good_prog_Var20\Good_prog_Var20\ORDER.cpp(32,1): error C2872: istream: неоднозначный символ
      C:\Users\dvromantsev\source\repos\Good_prog_Var20\Good_prog_Var20\ORDER.h(17,9):
      может быть "int istream"
      C:\Program Files\Microsoft Visual Studio\2022\Community\VC\Tools\MSVC\14.44.35207\include\iosfwd(230,19):
      или       "std::istream"
  
C:\Users\dvromantsev\source\repos\Good_prog_Var20\Good_prog_Var20\ORDER.cpp(32,8): error C2143: синтаксическая ошибка: отсутствие ";" перед "&"
C:\Users\dvromantsev\source\repos\Good_prog_Var20\Good_prog_Var20\ORDER.cpp(32,1): error C4430: отсутствует спецификатор типа - предполагается int. Примечание. C++ не поддерживает int по умолчанию
C:\Users\dvromantsev\source\repos\Good_prog_Var20\Good_prog_Var20\ORDER.cpp(32,1): error C2086: int istream: переопределение
      C:\Users\dvromantsev\source\repos\Good_prog_Var20\Good_prog_Var20\ORDER.h(17,9):
       см. объявление "istream"
  
C:\Users\dvromantsev\source\repos\Good_prog_Var20\Good_prog_Var20\ORDER.cpp(32,21): error C2872: istream: неоднозначный символ
      C:\Users\dvromantsev\source\repos\Good_prog_Var20\Good_prog_Var20\ORDER.h(17,9):
      может быть "int istream"
      C:\Program Files\Microsoft Visual Studio\2022\Community\VC\Tools\MSVC\14.44.35207\include\iosfwd(230,19):
      или       "std::istream"
  
C:\Users\dvromantsev\source\repos\Good_prog_Var20\Good_prog_Var20\ORDER.cpp(32,10): error C2473: operator >>: выглядит как определение функции, но без списка параметров.
C:\Users\dvromantsev\source\repos\Good_prog_Var20\Good_prog_Var20\ORDER.cpp(32,10): error C4430: отсутствует спецификатор типа - предполагается int. Примечание. C++ не поддерживает int по умолчанию
C:\Users\dvromantsev\source\repos\Good_prog_Var20\Good_prog_Var20\ORDER.cpp(32,30): error C2065: is: необъявленный идентификатор
C:\Users\dvromantsev\source\repos\Good_prog_Var20\Good_prog_Var20\ORDER.cpp(32,41): error C2065: m: необъявленный идентификатор
C:\Users\dvromantsev\source\repos\Good_prog_Var20\Good_prog_Var20\ORDER.cpp(32,34): error C2275: "ORDER": ожидается выражение вместо типа
C:\Users\dvromantsev\source\repos\Good_prog_Var20\Good_prog_Var20\ORDER.cpp(32,20): error C2440: инициализация: невозможно преобразовать "initializer list" в "int &"
      C:\Users\dvromantsev\source\repos\Good_prog_Var20\Good_prog_Var20\ORDER.cpp(32,20):
      Тип ссылки не может инициализироваться значением
  
C:\Users\dvromantsev\source\repos\Good_prog_Var20\Good_prog_Var20\ORDER.cpp(33,1): error C2059: синтаксическая ошибка: {
C:\Users\dvromantsev\source\repos\Good_prog_Var20\Good_prog_Var20\ORDER.cpp(33,1): error C2143: синтаксическая ошибка: отсутствие ";" перед "{"
C:\Users\dvromantsev\source\repos\Good_prog_Var20\Good_prog_Var20\ORDER.cpp(33,1): error C2447: {: отсутствует заголовок функции (возможно, используется формальный список старого типа)
  Создание кода...
